============================= test session starts =============================
platform win32 -- Python 3.14.0, pytest-9.0.2, pluggy-1.6.0
rootdir: C:\Users\player1\Desktop\InSite_signs
configfile: pytest.ini
testpaths: tests
collected 99 items

tests\test_admin_metrics.py F.F                                          [  3%]
tests\test_ai_readiness.py ....s.                                        [  9%]
tests\test_config_boot.py F                                              [ 10%]
tests\test_dependency_versions.py ...                                    [ 13%]
tests\test_env_sanitization.py .........                                 [ 22%]
tests\test_feature_flows.py ...F.                                        [ 27%]
tests\test_fulfillment.py ..                                             [ 29%]
tests\test_import.py ..F                                                 [ 32%]
tests\test_listing_kits.py ......                                        [ 38%]
tests\test_notifications_skipped.py ..                                   [ 40%]
tests\test_pdf_security.py .........                                     [ 49%]
tests\test_pdf_vector_qr.py ...                                          [ 52%]
tests\test_phase4_guardrails.py ......                                   [ 58%]
tests\test_phase_2_5.py ..F                                              [ 61%]
tests\test_print_jobs.py FF                                              [ 63%]
tests\test_print_preflight.py ....                                       [ 67%]
tests\test_print_skus.py ....                                            [ 71%]
tests\test_printing_atomic.py F.FF                                       [ 75%]
tests\test_pro_features.py ......                                        [ 81%]
tests\test_smart_signs.py .......                                        [ 88%]
tests\test_smart_signs_printing.py ...                                   [ 91%]
tests\test_stripe_price_resolver.py .......                              [ 98%]
tests\test_webhook_amounts.py .                                          [100%]

=========================== short test summary info ===========================
FAILED tests/test_admin_metrics.py::test_admin_metrics_page_loads - psycopg2....
FAILED tests/test_admin_metrics.py::test_metrics_data_display - psycopg2.erro...
FAILED tests/test_config_boot.py::TestConfigStagingBoot::test_staging_boot_without_smtp
FAILED tests/test_feature_flows.py::test_gating_rendering - assert ('class="g...
FAILED tests/test_import.py::test_import_validation - ImportError: cannot imp...
FAILED tests/test_phase_2_5.py::test_smart_sign_checkout_flow - AttributeErro...
FAILED tests/test_print_jobs.py::test_claim_jobs_is_idempotent - assert 401 =...
FAILED tests/test_print_jobs.py::test_download_pdf_requires_auth_and_returns_bytes
FAILED tests/test_printing_atomic.py::test_claim_jobs_success - assert 401 ==...
FAILED tests/test_printing_atomic.py::test_mark_downloaded_transition - asser...
FAILED tests/test_printing_atomic.py::test_download_pdf - assert 401 == 200
================== 11 failed, 87 passed, 1 skipped in 25.57s ==================
